[2017-04-11 18:40:52] START
[2017-04-11 18:40:52] EDIT WhenIf/views/layout.html: 1
[2017-04-11 18:41:18] EDIT WhenIf/views/layout.html: 0
[2017-04-11 18:41:24] EDIT WhenIf/views/layout.html: -1
[2017-04-11 18:41:56] EDIT WhenIf/views/layout.html: 0
[2017-04-11 18:43:35] EDIT WhenIf/models/0.py: 1
[2017-04-11 18:43:38] EDIT WhenIf/models/0.py: 0
[2017-04-11 18:46:02] EDIT WhenIf/models/0.py: 0
[2017-04-11 18:46:29] EDIT WhenIf/models/0.py: 2
[2017-04-11 18:46:43] EDIT WhenIf/models/0.py: -3
[2017-04-11 18:47:05] EDIT WhenIf/models/db.py: 0
[2017-04-11 18:47:15] EDIT WhenIf/models/db.py: 0
[2017-04-11 18:55:51] EDIT WhenIf/views/default/user.html: 0
[2017-04-11 18:56:19] EDIT WhenIf/views/default/user.html: 0
[2017-04-11 18:56:25] EDIT WhenIf/views/default/user.html: 0
[2017-04-11 19:03:27] EDIT WhenIf/views/layout.html: 19
[2017-04-11 19:03:42] EDIT WhenIf/views/layout.html: -19
[2017-04-11 19:03:57] EDIT WhenIf/views/layout.html: 0
[2017-04-11 19:04:34] EDIT WhenIf/views/layout.html: 0
[2017-04-11 19:05:33] EDIT WhenIf/models/0.py: 2
[2017-04-11 19:06:35] EDIT WhenIf/models/0.py: 0
[2017-04-11 19:07:43] EDIT WhenIf/models/0.py: -1
[2017-04-11 19:08:09] EDIT WhenIf/models/0.py: 0
[2017-04-11 19:08:32] EDIT WhenIf/models/0.py: 0
[2017-04-11 19:10:25] EDIT WhenIf/models/0.py: 0
[2017-04-11 19:11:57] EDIT WhenIf/models/0.py: 0
[2017-04-11 19:12:39] EDIT WhenIf/models/menu.py: 0
[2017-04-11 19:15:08] EDIT WhenIf/models/0.py: 3
[2017-04-11 19:15:15] EDIT WhenIf/models/0.py: -4
[2017-04-11 19:15:22] EDIT WhenIf/models/menu.py: 1
[2017-04-11 19:19:55] EDIT WhenIf/models/menu.py: 4
[2017-04-11 19:24:25] EDIT WhenIf/models/menu.py: 0
[2017-04-11 19:25:05] EDIT WhenIf/models/menu.py: 0
[2017-04-11 19:25:53] EDIT WhenIf/models/menu.py: 0
[2017-04-11 19:25:55] EDIT WhenIf/models/menu.py: 0
[2017-04-11 19:26:24] EDIT WhenIf/views/default/user.html: 0
[2017-04-11 19:26:42] EDIT WhenIf/models/db.py: 0
[2017-04-11 19:26:45] EDIT WhenIf/models/db.py: 0
[2017-04-11 19:27:51] EDIT WhenIf/models/menu.py: 0
[2017-04-11 19:27:56] EDIT WhenIf/models/menu.py: 0
[2017-04-11 19:29:54] EDIT WhenIf/models/menu.py: 0
[2017-04-11 19:30:35] EDIT WhenIf/models/menu.py: 0
[2017-04-11 19:31:14] EDIT WhenIf/models/menu.py: 0
[2017-04-11 19:31:24] EDIT WhenIf/models/menu.py: 0
[2017-04-11 19:32:24] EDIT WhenIf/models/menu.py: 0
[2017-04-11 19:33:05] EDIT WhenIf/models/menu.py: 0
[2017-04-11 19:33:42] EDIT WhenIf/models/menu.py: 0
[2017-04-11 19:34:12] EDIT WhenIf/models/menu.py: 0
[2017-04-11 19:36:04] EDIT WhenIf/views/default/index.html: 8
[2017-04-11 19:37:23] EDIT WhenIf/views/default/index.html: 9
[2017-04-11 19:38:01] EDIT WhenIf/views/default/index.html: 1
[2017-04-11 19:38:45] EDIT WhenIf/views/default/index.html: 4
[2017-04-11 19:39:04] EDIT WhenIf/views/default/index.html: 2
[2017-04-11 19:39:52] EDIT WhenIf/views/default/index.html: 0
[2017-04-11 19:40:12] EDIT WhenIf/views/default/index.html: 0
[2017-04-11 19:43:10] EDIT WhenIf/models/db.py: 1
[2017-04-11 19:43:14] EDIT WhenIf/models/db.py: 0
[2017-04-11 20:15:06] EDIT WhenIf/models/db.py: 13
[2017-04-11 20:15:55] EDIT WhenIf/views/layout.html: 0
[2017-04-11 20:16:12] EDIT WhenIf/views/layout.html: 0
[2017-04-11 20:16:42] EDIT WhenIf/models/0.py: 0
[2017-04-11 20:17:33] EDIT WhenIf/views/layout.html: 0
[2017-04-11 20:17:55] EDIT WhenIf/views/layout.html: 0
[2017-04-11 20:18:05] EDIT WhenIf/views/layout.html: 0
[2017-04-11 20:18:35] EDIT WhenIf/views/layout.html: 0
[2017-04-11 20:18:54] EDIT WhenIf/models/db.py: 1
[2017-04-11 20:18:59] EDIT WhenIf/models/db.py: 0
[2017-04-11 20:19:16] EDIT WhenIf/views/layout.html: 0
[2017-04-11 20:20:02] EDIT WhenIf/models/db.py: 0
[2017-04-11 20:20:13] EDIT WhenIf/views/layout.html: 0
[2017-04-11 20:20:39] EDIT WhenIf/models/db.py: 2
[2017-04-11 20:20:46] EDIT WhenIf/views/layout.html: 0
[2017-04-11 20:21:43] EDIT WhenIf/models/db.py: -3
[2017-04-11 20:23:52] EDIT WhenIf/models/db.py: 0
[2017-04-11 20:23:57] EDIT WhenIf/views/layout.html: 0
[2017-04-11 20:25:58] EDIT WhenIf/views/layout.html: 0
[2017-04-11 20:27:32] EDIT WhenIf/models/db.py: 1
[2017-04-11 20:27:51] EDIT WhenIf/views/layout.html: 0
[2017-04-11 20:28:21] EDIT WhenIf/models/db.py: 0
[2017-04-11 20:28:36] EDIT WhenIf/models/db.py: 0
[2017-04-11 20:28:57] EDIT WhenIf/views/layout.html: 0
[2017-04-11 20:29:14] EDIT WhenIf/views/layout.html: 0
[2017-04-11 20:29:23] EDIT WhenIf/models/db.py: 0
[2017-04-11 20:29:46] EDIT WhenIf/models/db.py: 0
[2017-04-11 20:31:10] EDIT WhenIf/models/db.py: 0
[2017-04-11 20:31:25] EDIT WhenIf/models/db.py: 0
[2017-04-11 20:32:04] EDIT WhenIf/models/db.py: -4
[2017-04-11 20:32:25] EDIT WhenIf/views/layout.html: 0
[2017-04-11 20:32:47] EDIT WhenIf/views/layout.html: 0
[2017-04-11 20:33:05] EDIT WhenIf/models/db.py: -4
[2017-04-11 20:33:34] EDIT WhenIf/models/db.py: 0
[2017-04-11 20:35:08] EDIT WhenIf/models/db.py: 0
[2017-04-11 20:35:51] EDIT WhenIf/models/db.py: 0
[2017-04-12 22:33:03] EDIT WhenIf/models/db.py: 3
[2017-04-19 23:53:00] CREATE yourmom.py: 0
[2017-04-19 23:54:14] DELETE WhenIf/controllers/yourmom.py: -1
[2017-04-19 23:54:34] EDIT WhenIf/controllers/default.py: 2
[2017-04-19 23:55:19] CREATE default/sunnybucks.html: 0
[2017-04-19 23:56:32] EDIT WhenIf/views/default/sunnybucks.html: 11
[2017-04-19 23:57:02] EDIT WhenIf/views/default/sunnybucks.html: 5
[2017-04-19 23:57:38] EDIT WhenIf/views/default/sunnybucks.html: 0
[2017-04-19 23:58:04] EDIT WhenIf/views/default/sunnybucks.html: 0
[2017-04-20 00:00:39] EDIT WhenIf/controllers/default.py: 1
[2017-04-20 00:01:08] EDIT WhenIf/models/0.py: 1
[2017-04-20 00:01:57] EDIT WhenIf/views/default/sunnybucks.html: 0
[2017-04-25 16:10:24] EDIT WhenIf/controllers/default.py: -3
[2017-04-25 16:10:35] DELETE WhenIf/views/default/sunnybucks.html: -19
[2017-04-25 16:13:49] EDIT WhenIf/models/db.py: 2
[2017-04-25 16:19:31] EDIT WhenIf/controllers/default.py: 2
[2017-04-25 16:19:34] EDIT WhenIf/controllers/default.py: 0
[2017-04-25 16:19:50] EDIT WhenIf/controllers/default.py: 0
[2017-04-25 16:20:12] EDIT WhenIf/controllers/default.py: 0
[2017-04-25 16:20:54] EDIT WhenIf/controllers/default.py: 1
[2017-04-25 16:21:21] EDIT WhenIf/controllers/default.py: 0
[2017-04-25 17:07:49] EDIT WhenIf/controllers/default.py: 0
[2017-04-25 17:08:29] EDIT WhenIf/controllers/default.py: 0
[2017-04-25 17:11:40] EDIT WhenIf/controllers/default.py: 1
[2017-04-25 17:12:54] EDIT WhenIf/controllers/default.py: 0
[2017-04-25 17:12:57] EDIT WhenIf/controllers/default.py: -1
[2017-04-25 17:13:28] EDIT WhenIf/controllers/default.py: 0
[2017-04-25 17:15:31] EDIT WhenIf/controllers/default.py: 2
[2017-04-25 17:16:12] EDIT WhenIf/controllers/default.py: 0
[2017-04-25 17:16:17] EDIT WhenIf/controllers/default.py: 0
[2017-04-25 17:16:20] EDIT WhenIf/controllers/default.py: 0
[2017-04-25 17:17:47] EDIT WhenIf/views/default/user.html: 3
[2017-04-25 17:18:16] EDIT WhenIf/views/default/user.html: -2
[2017-04-25 17:18:46] EDIT WhenIf/views/default/user.html: 0
[2017-04-25 17:19:06] EDIT WhenIf/controllers/default.py: 0
[2017-04-25 17:19:09] EDIT WhenIf/controllers/default.py: 0
[2017-04-25 17:19:12] EDIT WhenIf/controllers/default.py: 0
[2017-04-25 17:20:11] EDIT WhenIf/views/default/user.html: 0
[2017-04-25 17:20:39] EDIT WhenIf/views/default/user.html: 0
[2017-04-25 17:21:07] EDIT WhenIf/views/default/user.html: 1
[2017-04-25 17:21:24] EDIT WhenIf/views/default/user.html: 0
[2017-04-25 17:21:32] EDIT WhenIf/views/default/user.html: 0
[2017-04-25 17:21:36] EDIT WhenIf/views/default/user.html: -1
[2017-04-25 17:22:44] EDIT WhenIf/views/default/user.html: 0
[2017-04-25 17:24:44] EDIT WhenIf/controllers/default.py: 1
[2017-04-25 17:24:50] EDIT WhenIf/controllers/default.py: 0
[2017-04-25 17:25:07] EDIT WhenIf/controllers/default.py: 0
[2017-04-25 17:29:59] EDIT WhenIf/models/db.py: -2
[2017-04-25 17:30:04] EDIT WhenIf/models/db.py: 0
[2017-04-25 17:30:39] EDIT WhenIf/views/default/user.html: 0
[2017-04-25 17:31:01] EDIT WhenIf/views/default/user.html: 0
[2017-04-25 17:31:33] EDIT WhenIf/views/default/user.html: 0
[2017-04-25 17:34:20] EDIT WhenIf/models/menu.py: 1
[2017-04-25 17:34:38] EDIT WhenIf/models/menu.py: 0
[2017-04-25 17:35:31] EDIT WhenIf/controllers/default.py: 0
[2017-04-25 17:42:14] CREATE default/search.html: 0
[2017-04-25 18:05:28] EDIT WhenIf/views/default/search.html: 77
[2017-04-25 18:06:47] EDIT WhenIf/views/default/search.html: 7
[2017-04-25 18:07:30] EDIT WhenIf/views/default/search.html: 0
[2017-04-25 18:07:44] EDIT WhenIf/views/default/search.html: 0
[2017-04-25 18:08:22] EDIT WhenIf/views/default/search.html: 0
[2017-04-25 18:10:49] EDIT WhenIf/views/default/search.html: 0
[2017-04-25 18:11:40] EDIT WhenIf/views/default/search.html: -7
[2017-04-25 18:24:19] EDIT WhenIf/views/default/search.html: 0
[2017-04-25 18:24:33] EDIT WhenIf/controllers/default.py: 2
[2017-04-25 18:24:42] CREATE default/result.html: 0
[2017-04-25 18:25:00] EDIT WhenIf/views/default/result.html: 95
[2017-04-25 18:27:20] EDIT WhenIf/views/default/result.html: -44
[2017-04-25 18:27:41] EDIT WhenIf/views/default/result.html: 0
[2017-04-25 18:29:19] EDIT WhenIf/views/default/result.html: 0
[2017-04-25 18:30:10] EDIT WhenIf/views/default/result.html: 0
[2017-04-25 18:32:48] EDIT WhenIf/views/default/result.html: 38
[2017-04-25 18:33:21] EDIT WhenIf/views/default/result.html: 0
[2017-04-25 18:33:37] EDIT WhenIf/views/default/result.html: 0
[2017-04-25 18:35:13] EDIT WhenIf/views/default/result.html: 1
[2017-04-25 18:35:28] EDIT WhenIf/views/default/result.html: 89
[2017-04-25 18:36:13] EDIT WhenIf/views/default/result.html: 0
[2017-04-25 18:37:27] EDIT WhenIf/views/default/result.html: 89
[2017-04-25 18:40:03] EDIT WhenIf/views/default/result.html: 24
[2017-04-25 18:41:39] EDIT WhenIf/views/default/result.html: 111
[2017-04-25 18:41:53] EDIT WhenIf/views/default/result.html: 24
[2017-04-25 18:42:22] EDIT WhenIf/views/default/result.html: -3
